<?xml version="1.0" encoding="UTF-8"?>
<!-- Generated by org.testng.reporters.JUnitReportReporter -->
<testsuite skipped="0" hostname="WINDOWS-KEN7H9H" name="tests.CheckingRelatedTest" tests="6" failures="0" timestamp="13 Jan 2019 19:43:34 GMT" time="747.921" errors="0">
  <testcase name="user_should_be_on_checking_page" time="246.743" classname="tests.CheckingRelatedTest"/>
  <testcase name="user_should_be_on_checking_page" time="81.509" classname="tests.CheckingRelatedTest"/>
  <testcase name="user_should_be_on_checking_page" time="86.490" classname="tests.CheckingRelatedTest"/>
  <testcase name="user_should_be_on_checking_page" time="75.304" classname="tests.CheckingRelatedTest"/>
  <testcase name="user_should_be_on_checking_page" time="89.104" classname="tests.CheckingRelatedTest"/>
  <testcase name="user_should_be_on_checking_page" time="168.771" classname="tests.CheckingRelatedTest"/>
</testsuite> <!-- tests.CheckingRelatedTest -->
